<?xml version="1.0" encoding="UTF-8"?>
<!-- Generated by org.testng.reporters.JUnitXMLReporter -->
<testsuite hostname="DESKTOP-968EIR9" ignored="4" name="Register Scenarios Test" tests="3" failures="2" timestamp="2022-09-26T17:31:49 EET" time="7.258" errors="0">
  <testcase name="@AfterMethod screenshotOnFailure" time="0.002" classname="Tests.TestBase">
    <failure type="java.lang.NullPointerException">
      <![CDATA[java.lang.NullPointerException
at Utilities.Helper.captureScreenshot(Helper.java:21)
at Tests.TestBase.screenshotOnFailure(TestBase.java:36)
at java.util.ArrayList.forEach(ArrayList.java:1257)
at com.intellij.rt.testng.IDEARemoteTestNG.run(IDEARemoteTestNG.java:66)
at com.intellij.rt.testng.RemoteTestNGStarter.main(RemoteTestNGStarter.java:109)
... Removed 29 stack frames]]>
    </failure>
  </testcase> <!-- @AfterMethod screenshotOnFailure -->
  <testcase name="@AfterMethod screenshotOnFailure" time="0.001" classname="Tests.TestBase">
    <failure type="java.lang.NullPointerException">
      <![CDATA[java.lang.NullPointerException
at Utilities.Helper.captureScreenshot(Helper.java:21)
at Tests.TestBase.screenshotOnFailure(TestBase.java:36)
at java.util.ArrayList.forEach(ArrayList.java:1257)
at com.intellij.rt.testng.IDEARemoteTestNG.run(IDEARemoteTestNG.java:66)
at com.intellij.rt.testng.RemoteTestNGStarter.main(RemoteTestNGStarter.java:109)
... Removed 29 stack frames]]>
    </failure>
  </testcase> <!-- @AfterMethod screenshotOnFailure -->
  <testcase name="userCanRegisterSuccessfully" time="2.931" classname="Tests.Registration.RegistrationSuccessfullyTest"/>
  <testcase name="userCanRegisterSuccessfully" time="0.001" classname="Tests.Registration.RegistrationWithExistedEmailTest">
    <failure type="java.lang.NullPointerException">
      <![CDATA[java.lang.NullPointerException
at org.openqa.selenium.support.pagefactory.DefaultElementLocator.findElement(DefaultElementLocator.java:70)
at org.openqa.selenium.support.pagefactory.internal.LocatingElementHandler.invoke(LocatingElementHandler.java:39)
at com.sun.proxy.$Proxy14.click(Unknown Source)
at Pages.PageBase.clickOnElement(PageBase.java:27)
at Pages.LoginPage.openRegistrationPage(LoginPage.java:36)
at Tests.Registration.RegistrationWithExistedEmailTest.userCanRegisterSuccessfully(RegistrationWithExistedEmailTest.java:25)
at java.util.ArrayList.forEach(ArrayList.java:1257)
at com.intellij.rt.testng.IDEARemoteTestNG.run(IDEARemoteTestNG.java:66)
at com.intellij.rt.testng.RemoteTestNGStarter.main(RemoteTestNGStarter.java:109)
... Removed 24 stack frames]]>
    </failure>
  </testcase> <!-- userCanRegisterSuccessfully -->
  <testcase name="userCanRegisterSuccessfully" time="0.002" classname="Tests.Registration.RegistrationWithExistedPhoneNumberTest">
    <failure type="java.lang.NullPointerException">
      <![CDATA[java.lang.NullPointerException
at org.openqa.selenium.support.pagefactory.DefaultElementLocator.findElement(DefaultElementLocator.java:70)
at org.openqa.selenium.support.pagefactory.internal.LocatingElementHandler.invoke(LocatingElementHandler.java:39)
at com.sun.proxy.$Proxy14.click(Unknown Source)
at Pages.PageBase.clickOnElement(PageBase.java:27)
at Pages.LoginPage.openRegistrationPage(LoginPage.java:36)
at Tests.Registration.RegistrationWithExistedPhoneNumberTest.userCanRegisterSuccessfully(RegistrationWithExistedPhoneNumberTest.java:25)
at java.util.ArrayList.forEach(ArrayList.java:1257)
at com.intellij.rt.testng.IDEARemoteTestNG.run(IDEARemoteTestNG.java:66)
at com.intellij.rt.testng.RemoteTestNGStarter.main(RemoteTestNGStarter.java:109)
... Removed 24 stack frames]]>
    </failure>
  </testcase> <!-- userCanRegisterSuccessfully -->
  <testcase name="@AfterTest exit" time="0.0" classname="Tests.TestBase">
    <ignored/>
  </testcase> <!-- @AfterTest exit -->
  <testcase name="@AfterTest exit" time="0.0" classname="Tests.TestBase">
    <ignored/>
  </testcase> <!-- @AfterTest exit -->
  <testcase name="@BeforeTest start" time="0.0" classname="Tests.TestBase">
    <ignored/>
  </testcase> <!-- @BeforeTest start -->
  <testcase name="@BeforeTest start" time="0.0" classname="Tests.TestBase">
    <ignored/>
  </testcase> <!-- @BeforeTest start -->
</testsuite> <!-- Register Scenarios Test -->
