<?xml version="1.0" encoding="UTF-8"?>
<testng-results skipped="0" failed="0" ignored="5" total="11" passed="6">
  <reporter-output>
  </reporter-output>
  <suite name="All Test Suite" duration-ms="13391" started-at="2022-11-06T13:55:21 EET" finished-at="2022-11-06T13:55:35 EET">
    <groups>
    </groups>
    <test name="F:/PhysicianNetwork/PhysicianNetwork" duration-ms="13391" started-at="2022-11-06T13:55:21 EET" finished-at="2022-11-06T13:55:35 EET">
      <class name="Tests.Login.LoginWithInvalidEmailTest">
        <test-method status="PASS" signature="start()[pri:0, instance:Tests.Login.LoginWithInvalidEmailTest@1f554b06]" name="start" is-config="true" duration-ms="4174" started-at="2022-11-06T13:55:17 EET" finished-at="2022-11-06T13:55:21 EET">
          <reporter-output>
          </reporter-output>
        </test-method> <!-- start -->
        <test-method status="PASS" signature="userCanNotLoginWithInvalidEmail()[pri:0, instance:Tests.Login.LoginWithInvalidEmailTest@1f554b06]" name="userCanNotLoginWithInvalidEmail" duration-ms="630" started-at="2022-11-06T13:55:21 EET" finished-at="2022-11-06T13:55:22 EET">
          <reporter-output>
          </reporter-output>
        </test-method> <!-- userCanNotLoginWithInvalidEmail -->
        <test-method status="PASS" signature="screenshotOnFailure(org.testng.ITestResult)[pri:0, instance:Tests.Login.LoginWithInvalidEmailTest@1f554b06]" name="screenshotOnFailure" is-config="true" duration-ms="2" started-at="2022-11-06T13:55:22 EET" finished-at="2022-11-06T13:55:22 EET">
          <params>
            <param index="0">
              <value>
                <![CDATA[[TestResult name=userCanNotLoginWithInvalidEmail status=SUCCESS method=LoginWithInvalidEmailTest.userCanNotLoginWithInvalidEmail()[pri:0, instance:Tests.Login.LoginWithInvalidEmailTest@1f554b06] output={null}]]]>
              </value>
            </param>
          </params>
          <reporter-output>
          </reporter-output>
        </test-method> <!-- screenshotOnFailure -->
      </class> <!-- Tests.Login.LoginWithInvalidEmailTest -->
      <class name="Tests.Registration.RegistrationWithExistedPhoneNumberTest">
        <test-method status="PASS" signature="userCanRegisterSuccessfully()[pri:0, instance:Tests.Registration.RegistrationWithExistedPhoneNumberTest@64729b1e]" name="userCanRegisterSuccessfully" duration-ms="3990" started-at="2022-11-06T13:55:27 EET" finished-at="2022-11-06T13:55:31 EET">
          <reporter-output>
          </reporter-output>
        </test-method> <!-- userCanRegisterSuccessfully -->
        <test-method status="PASS" signature="screenshotOnFailure(org.testng.ITestResult)[pri:0, instance:Tests.Registration.RegistrationWithExistedPhoneNumberTest@64729b1e]" name="screenshotOnFailure" is-config="true" duration-ms="0" started-at="2022-11-06T13:55:31 EET" finished-at="2022-11-06T13:55:31 EET">
          <params>
            <param index="0">
              <value>
                <![CDATA[[TestResult name=userCanRegisterSuccessfully status=SUCCESS method=RegistrationWithExistedPhoneNumberTest.userCanRegisterSuccessfully()[pri:0, instance:Tests.Registration.RegistrationWithExistedPhoneNumberTest@64729b1e] output={null}]]]>
              </value>
            </param>
          </params>
          <reporter-output>
          </reporter-output>
        </test-method> <!-- screenshotOnFailure -->
      </class> <!-- Tests.Registration.RegistrationWithExistedPhoneNumberTest -->
      <class name="Tests.Login.LoginWithInvalidPassTest">
        <test-method status="PASS" signature="userCanNotLoginWithInvalidPassword()[pri:0, instance:Tests.Login.LoginWithInvalidPassTest@71bbf57e]" name="userCanNotLoginWithInvalidPassword" duration-ms="433" started-at="2022-11-06T13:55:22 EET" finished-at="2022-11-06T13:55:23 EET">
          <reporter-output>
          </reporter-output>
        </test-method> <!-- userCanNotLoginWithInvalidPassword -->
        <test-method status="PASS" signature="screenshotOnFailure(org.testng.ITestResult)[pri:0, instance:Tests.Login.LoginWithInvalidPassTest@71bbf57e]" name="screenshotOnFailure" is-config="true" duration-ms="0" started-at="2022-11-06T13:55:23 EET" finished-at="2022-11-06T13:55:23 EET">
          <params>
            <param index="0">
              <value>
                <![CDATA[[TestResult name=userCanNotLoginWithInvalidPassword status=SUCCESS method=LoginWithInvalidPassTest.userCanNotLoginWithInvalidPassword()[pri:0, instance:Tests.Login.LoginWithInvalidPassTest@71bbf57e] output={null}]]]>
              </value>
            </param>
          </params>
          <reporter-output>
          </reporter-output>
        </test-method> <!-- screenshotOnFailure -->
      </class> <!-- Tests.Login.LoginWithInvalidPassTest -->
      <class name="Tests.Registration.RegistrationWithExistedEmailTest">
        <test-method status="PASS" signature="userCanRegisterSuccessfully()[pri:0, instance:Tests.Registration.RegistrationWithExistedEmailTest@4e7dc304]" name="userCanRegisterSuccessfully" duration-ms="4527" started-at="2022-11-06T13:55:23 EET" finished-at="2022-11-06T13:55:27 EET">
          <reporter-output>
          </reporter-output>
        </test-method> <!-- userCanRegisterSuccessfully -->
        <test-method status="PASS" signature="screenshotOnFailure(org.testng.ITestResult)[pri:0, instance:Tests.Registration.RegistrationWithExistedEmailTest@4e7dc304]" name="screenshotOnFailure" is-config="true" duration-ms="0" started-at="2022-11-06T13:55:27 EET" finished-at="2022-11-06T13:55:27 EET">
          <params>
            <param index="0">
              <value>
                <![CDATA[[TestResult name=userCanRegisterSuccessfully status=SUCCESS method=RegistrationWithExistedEmailTest.userCanRegisterSuccessfully()[pri:0, instance:Tests.Registration.RegistrationWithExistedEmailTest@4e7dc304] output={null}]]]>
              </value>
            </param>
          </params>
          <reporter-output>
          </reporter-output>
        </test-method> <!-- screenshotOnFailure -->
      </class> <!-- Tests.Registration.RegistrationWithExistedEmailTest -->
      <class name="Tests.Registration.RegistrationSuccessfullyTest">
        <test-method status="PASS" signature="userCanRegisterSuccessfully()[pri:0, instance:Tests.Registration.RegistrationSuccessfullyTest@10bbd20a]" name="userCanRegisterSuccessfully" duration-ms="3642" started-at="2022-11-06T13:55:31 EET" finished-at="2022-11-06T13:55:35 EET">
          <reporter-output>
          </reporter-output>
        </test-method> <!-- userCanRegisterSuccessfully -->
        <test-method status="PASS" signature="screenshotOnFailure(org.testng.ITestResult)[pri:0, instance:Tests.Registration.RegistrationSuccessfullyTest@10bbd20a]" name="screenshotOnFailure" is-config="true" duration-ms="0" started-at="2022-11-06T13:55:35 EET" finished-at="2022-11-06T13:55:35 EET">
          <params>
            <param index="0">
              <value>
                <![CDATA[[TestResult name=userCanRegisterSuccessfully status=SUCCESS method=RegistrationSuccessfullyTest.userCanRegisterSuccessfully()[pri:0, instance:Tests.Registration.RegistrationSuccessfullyTest@10bbd20a] output={null}]]]>
              </value>
            </param>
          </params>
          <reporter-output>
          </reporter-output>
        </test-method> <!-- screenshotOnFailure -->
      </class> <!-- Tests.Registration.RegistrationSuccessfullyTest -->
      <class name="Tests.Login.LoginSuccessfullyTest">
        <test-method status="PASS" signature="userCanLoginWithValidEmailAndPassword()[pri:0, instance:Tests.Login.LoginSuccessfullyTest@48503868]" name="userCanLoginWithValidEmailAndPassword" duration-ms="144" started-at="2022-11-06T13:55:35 EET" finished-at="2022-11-06T13:55:35 EET">
          <reporter-output>
          </reporter-output>
        </test-method> <!-- userCanLoginWithValidEmailAndPassword -->
        <test-method status="PASS" signature="screenshotOnFailure(org.testng.ITestResult)[pri:0, instance:Tests.Login.LoginSuccessfullyTest@48503868]" name="screenshotOnFailure" is-config="true" duration-ms="1" started-at="2022-11-06T13:55:35 EET" finished-at="2022-11-06T13:55:35 EET">
          <params>
            <param index="0">
              <value>
                <![CDATA[[TestResult name=userCanLoginWithValidEmailAndPassword status=SUCCESS method=LoginSuccessfullyTest.userCanLoginWithValidEmailAndPassword()[pri:0, instance:Tests.Login.LoginSuccessfullyTest@48503868] output={null}]]]>
              </value>
            </param>
          </params>
          <reporter-output>
          </reporter-output>
        </test-method> <!-- screenshotOnFailure -->
      </class> <!-- Tests.Login.LoginSuccessfullyTest -->
    </test> <!-- F:/PhysicianNetwork/PhysicianNetwork -->
  </suite> <!-- All Test Suite -->
</testng-results>
