<?xml version="1.0" encoding="UTF-8"?>
<testng-results skipped="0" failed="0" ignored="5" total="11" passed="6">
  <reporter-output>
  </reporter-output>
  <suite name="All Test Suite" duration-ms="20333" started-at="2022-11-14T16:10:40 EET" finished-at="2022-11-14T16:11:00 EET">
    <groups>
    </groups>
    <test name="F:/PhysicianNetwork/PhysicianNetwork" duration-ms="20333" started-at="2022-11-14T16:10:40 EET" finished-at="2022-11-14T16:11:00 EET">
      <class name="Tests.Login.LoginWithInvalidEmailTest">
        <test-method status="PASS" signature="start()[pri:0, instance:Tests.Login.LoginWithInvalidEmailTest@1f554b06]" name="start" is-config="true" duration-ms="5534" started-at="2022-11-14T16:10:34 EET" finished-at="2022-11-14T16:10:40 EET">
          <reporter-output>
          </reporter-output>
        </test-method> <!-- start -->
        <test-method status="PASS" signature="userCanNotLoginWithInvalidEmail()[pri:0, instance:Tests.Login.LoginWithInvalidEmailTest@1f554b06]" name="userCanNotLoginWithInvalidEmail" duration-ms="1348" started-at="2022-11-14T16:10:40 EET" finished-at="2022-11-14T16:10:41 EET">
          <reporter-output>
          </reporter-output>
        </test-method> <!-- userCanNotLoginWithInvalidEmail -->
        <test-method status="PASS" signature="screenshotOnFailure(org.testng.ITestResult)[pri:0, instance:Tests.Login.LoginWithInvalidEmailTest@1f554b06]" name="screenshotOnFailure" is-config="true" duration-ms="6" started-at="2022-11-14T16:10:41 EET" finished-at="2022-11-14T16:10:41 EET">
          <params>
            <param index="0">
              <value>
                <![CDATA[[TestResult name=userCanNotLoginWithInvalidEmail status=SUCCESS method=LoginWithInvalidEmailTest.userCanNotLoginWithInvalidEmail()[pri:0, instance:Tests.Login.LoginWithInvalidEmailTest@1f554b06] output={null}]]]>
              </value>
            </param>
          </params>
          <reporter-output>
          </reporter-output>
        </test-method> <!-- screenshotOnFailure -->
      </class> <!-- Tests.Login.LoginWithInvalidEmailTest -->
      <class name="Tests.Registration.RegistrationWithExistedPhoneNumberTest">
        <test-method status="PASS" signature="userCanNotRegisterWithExistedPhone()[pri:0, instance:Tests.Registration.RegistrationWithExistedPhoneNumberTest@64729b1e]" name="userCanNotRegisterWithExistedPhone" duration-ms="5130" started-at="2022-11-14T16:10:49 EET" finished-at="2022-11-14T16:10:54 EET">
          <reporter-output>
          </reporter-output>
        </test-method> <!-- userCanNotRegisterWithExistedPhone -->
        <test-method status="PASS" signature="screenshotOnFailure(org.testng.ITestResult)[pri:0, instance:Tests.Registration.RegistrationWithExistedPhoneNumberTest@64729b1e]" name="screenshotOnFailure" is-config="true" duration-ms="1" started-at="2022-11-14T16:10:54 EET" finished-at="2022-11-14T16:10:54 EET">
          <params>
            <param index="0">
              <value>
                <![CDATA[[TestResult name=userCanNotRegisterWithExistedPhone status=SUCCESS method=RegistrationWithExistedPhoneNumberTest.userCanNotRegisterWithExistedPhone()[pri:0, instance:Tests.Registration.RegistrationWithExistedPhoneNumberTest@64729b1e] output={null}]]]>
              </value>
            </param>
          </params>
          <reporter-output>
          </reporter-output>
        </test-method> <!-- screenshotOnFailure -->
      </class> <!-- Tests.Registration.RegistrationWithExistedPhoneNumberTest -->
      <class name="Tests.Login.LoginWithInvalidPassTest">
        <test-method status="PASS" signature="userCanNotLoginWithInvalidPassword()[pri:0, instance:Tests.Login.LoginWithInvalidPassTest@71bbf57e]" name="userCanNotLoginWithInvalidPassword" duration-ms="1029" started-at="2022-11-14T16:10:41 EET" finished-at="2022-11-14T16:10:42 EET">
          <reporter-output>
          </reporter-output>
        </test-method> <!-- userCanNotLoginWithInvalidPassword -->
        <test-method status="PASS" signature="screenshotOnFailure(org.testng.ITestResult)[pri:0, instance:Tests.Login.LoginWithInvalidPassTest@71bbf57e]" name="screenshotOnFailure" is-config="true" duration-ms="0" started-at="2022-11-14T16:10:42 EET" finished-at="2022-11-14T16:10:42 EET">
          <params>
            <param index="0">
              <value>
                <![CDATA[[TestResult name=userCanNotLoginWithInvalidPassword status=SUCCESS method=LoginWithInvalidPassTest.userCanNotLoginWithInvalidPassword()[pri:0, instance:Tests.Login.LoginWithInvalidPassTest@71bbf57e] output={null}]]]>
              </value>
            </param>
          </params>
          <reporter-output>
          </reporter-output>
        </test-method> <!-- screenshotOnFailure -->
      </class> <!-- Tests.Login.LoginWithInvalidPassTest -->
      <class name="Tests.Registration.RegistrationWithExistedEmailTest">
        <test-method status="PASS" signature="userCanNotRegisterWithExistedEmail()[pri:0, instance:Tests.Registration.RegistrationWithExistedEmailTest@4e7dc304]" name="userCanNotRegisterWithExistedEmail" duration-ms="6466" started-at="2022-11-14T16:10:42 EET" finished-at="2022-11-14T16:10:49 EET">
          <reporter-output>
          </reporter-output>
        </test-method> <!-- userCanNotRegisterWithExistedEmail -->
        <test-method status="PASS" signature="screenshotOnFailure(org.testng.ITestResult)[pri:0, instance:Tests.Registration.RegistrationWithExistedEmailTest@4e7dc304]" name="screenshotOnFailure" is-config="true" duration-ms="1" started-at="2022-11-14T16:10:49 EET" finished-at="2022-11-14T16:10:49 EET">
          <params>
            <param index="0">
              <value>
                <![CDATA[[TestResult name=userCanNotRegisterWithExistedEmail status=SUCCESS method=RegistrationWithExistedEmailTest.userCanNotRegisterWithExistedEmail()[pri:0, instance:Tests.Registration.RegistrationWithExistedEmailTest@4e7dc304] output={null}]]]>
              </value>
            </param>
          </params>
          <reporter-output>
          </reporter-output>
        </test-method> <!-- screenshotOnFailure -->
      </class> <!-- Tests.Registration.RegistrationWithExistedEmailTest -->
      <class name="Tests.Registration.RegistrationSuccessfullyTest">
        <test-method status="PASS" signature="userCanRegisterSuccessfully()[pri:0, instance:Tests.Registration.RegistrationSuccessfullyTest@10bbd20a]" name="userCanRegisterSuccessfully" duration-ms="5872" started-at="2022-11-14T16:10:54 EET" finished-at="2022-11-14T16:11:00 EET">
          <reporter-output>
          </reporter-output>
        </test-method> <!-- userCanRegisterSuccessfully -->
        <test-method status="PASS" signature="screenshotOnFailure(org.testng.ITestResult)[pri:0, instance:Tests.Registration.RegistrationSuccessfullyTest@10bbd20a]" name="screenshotOnFailure" is-config="true" duration-ms="1" started-at="2022-11-14T16:11:00 EET" finished-at="2022-11-14T16:11:00 EET">
          <params>
            <param index="0">
              <value>
                <![CDATA[[TestResult name=userCanRegisterSuccessfully status=SUCCESS method=RegistrationSuccessfullyTest.userCanRegisterSuccessfully()[pri:0, instance:Tests.Registration.RegistrationSuccessfullyTest@10bbd20a] output={null}]]]>
              </value>
            </param>
          </params>
          <reporter-output>
          </reporter-output>
        </test-method> <!-- screenshotOnFailure -->
      </class> <!-- Tests.Registration.RegistrationSuccessfullyTest -->
      <class name="Tests.Login.LoginSuccessfullyTest">
        <test-method status="PASS" signature="userCanLoginWithValidEmailAndPassword()[pri:0, instance:Tests.Login.LoginSuccessfullyTest@48503868]" name="userCanLoginWithValidEmailAndPassword" duration-ms="369" started-at="2022-11-14T16:11:00 EET" finished-at="2022-11-14T16:11:00 EET">
          <reporter-output>
          </reporter-output>
        </test-method> <!-- userCanLoginWithValidEmailAndPassword -->
        <test-method status="PASS" signature="screenshotOnFailure(org.testng.ITestResult)[pri:0, instance:Tests.Login.LoginSuccessfullyTest@48503868]" name="screenshotOnFailure" is-config="true" duration-ms="0" started-at="2022-11-14T16:11:00 EET" finished-at="2022-11-14T16:11:00 EET">
          <params>
            <param index="0">
              <value>
                <![CDATA[[TestResult name=userCanLoginWithValidEmailAndPassword status=SUCCESS method=LoginSuccessfullyTest.userCanLoginWithValidEmailAndPassword()[pri:0, instance:Tests.Login.LoginSuccessfullyTest@48503868] output={null}]]]>
              </value>
            </param>
          </params>
          <reporter-output>
          </reporter-output>
        </test-method> <!-- screenshotOnFailure -->
      </class> <!-- Tests.Login.LoginSuccessfullyTest -->
    </test> <!-- F:/PhysicianNetwork/PhysicianNetwork -->
  </suite> <!-- All Test Suite -->
</testng-results>
