<?xml version="1.0" encoding="UTF-8"?>
<testng-results skipped="0" failed="0" ignored="2" total="5" passed="3">
  <reporter-output>
  </reporter-output>
  <suite name="All Test Suite" duration-ms="2462" started-at="2022-09-30T13:35:18 EET" finished-at="2022-09-30T13:35:21 EET">
    <groups>
    </groups>
    <test name="F:/PhysicianNetwork/PhysicianNetwork" duration-ms="2462" started-at="2022-09-30T13:35:18 EET" finished-at="2022-09-30T13:35:21 EET">
      <class name="Tests.Login.LoginWithInvalidEmailTest">
        <test-method status="PASS" signature="start()[pri:0, instance:Tests.Login.LoginWithInvalidEmailTest@1f36e637]" name="start" is-config="true" duration-ms="5190" started-at="2022-09-30T13:35:13 EET" finished-at="2022-09-30T13:35:18 EET">
          <reporter-output>
          </reporter-output>
        </test-method> <!-- start -->
        <test-method status="PASS" signature="userCanNotLoginWithInvalidEmail()[pri:0, instance:Tests.Login.LoginWithInvalidEmailTest@1f36e637]" name="userCanNotLoginWithInvalidEmail" duration-ms="1161" started-at="2022-09-30T13:35:18 EET" finished-at="2022-09-30T13:35:19 EET">
          <reporter-output>
          </reporter-output>
        </test-method> <!-- userCanNotLoginWithInvalidEmail -->
        <test-method status="PASS" signature="screenshotOnFailure(org.testng.ITestResult)[pri:0, instance:Tests.Login.LoginWithInvalidEmailTest@1f36e637]" name="screenshotOnFailure" is-config="true" duration-ms="6" started-at="2022-09-30T13:35:19 EET" finished-at="2022-09-30T13:35:19 EET">
          <params>
            <param index="0">
              <value>
                <![CDATA[[TestResult name=userCanNotLoginWithInvalidEmail status=SUCCESS method=LoginWithInvalidEmailTest.userCanNotLoginWithInvalidEmail()[pri:0, instance:Tests.Login.LoginWithInvalidEmailTest@1f36e637] output={null}]]]>
              </value>
            </param>
          </params>
          <reporter-output>
          </reporter-output>
        </test-method> <!-- screenshotOnFailure -->
      </class> <!-- Tests.Login.LoginWithInvalidEmailTest -->
      <class name="Tests.Login.LoginWithInvalidPassTest">
        <test-method status="PASS" signature="userCanNotLoginWithInvalidEmail()[pri:0, instance:Tests.Login.LoginWithInvalidPassTest@50b494a6]" name="userCanNotLoginWithInvalidEmail" duration-ms="794" started-at="2022-09-30T13:35:19 EET" finished-at="2022-09-30T13:35:20 EET">
          <reporter-output>
          </reporter-output>
        </test-method> <!-- userCanNotLoginWithInvalidEmail -->
        <test-method status="PASS" signature="screenshotOnFailure(org.testng.ITestResult)[pri:0, instance:Tests.Login.LoginWithInvalidPassTest@50b494a6]" name="screenshotOnFailure" is-config="true" duration-ms="2" started-at="2022-09-30T13:35:20 EET" finished-at="2022-09-30T13:35:20 EET">
          <params>
            <param index="0">
              <value>
                <![CDATA[[TestResult name=userCanNotLoginWithInvalidEmail status=SUCCESS method=LoginWithInvalidPassTest.userCanNotLoginWithInvalidEmail()[pri:0, instance:Tests.Login.LoginWithInvalidPassTest@50b494a6] output={null}]]]>
              </value>
            </param>
          </params>
          <reporter-output>
          </reporter-output>
        </test-method> <!-- screenshotOnFailure -->
      </class> <!-- Tests.Login.LoginWithInvalidPassTest -->
      <class name="Tests.Login.LoginSuccessfullyTest">
        <test-method status="PASS" signature="userCanLoginWithValidEmailAndPassword()[pri:0, instance:Tests.Login.LoginSuccessfullyTest@3cef309d]" name="userCanLoginWithValidEmailAndPassword" duration-ms="405" started-at="2022-09-30T13:35:20 EET" finished-at="2022-09-30T13:35:21 EET">
          <reporter-output>
          </reporter-output>
        </test-method> <!-- userCanLoginWithValidEmailAndPassword -->
        <test-method status="PASS" signature="screenshotOnFailure(org.testng.ITestResult)[pri:0, instance:Tests.Login.LoginSuccessfullyTest@3cef309d]" name="screenshotOnFailure" is-config="true" duration-ms="0" started-at="2022-09-30T13:35:21 EET" finished-at="2022-09-30T13:35:21 EET">
          <params>
            <param index="0">
              <value>
                <![CDATA[[TestResult name=userCanLoginWithValidEmailAndPassword status=SUCCESS method=LoginSuccessfullyTest.userCanLoginWithValidEmailAndPassword()[pri:0, instance:Tests.Login.LoginSuccessfullyTest@3cef309d] output={null}]]]>
              </value>
            </param>
          </params>
          <reporter-output>
          </reporter-output>
        </test-method> <!-- screenshotOnFailure -->
      </class> <!-- Tests.Login.LoginSuccessfullyTest -->
    </test> <!-- F:/PhysicianNetwork/PhysicianNetwork -->
  </suite> <!-- All Test Suite -->
</testng-results>
